{"C:\\Users\\Nusaybah\\Heres-Roneey\\server\\app.js": {"path":"C:\\Users\\Nusaybah\\Heres-Roneey\\server\\app.js","statementMap":{"0":{"start":{"line":1,"column":16},"end":{"line":1,"column":34}},"1":{"start":{"line":2,"column":12},"end":{"line":2,"column":21}},"2":{"start":{"line":3,"column":13},"end":{"line":3,"column":28}},"3":{"start":{"line":4,"column":11},"end":{"line":4,"column":24}},"4":{"start":{"line":5,"column":12},"end":{"line":5,"column":42}},"5":{"start":{"line":6,"column":17},"end":{"line":6,"column":34}},"6":{"start":{"line":7,"column":17},"end":{"line":7,"column":34}},"7":{"start":{"line":9,"column":0},"end":{"line":9,"column":24}},"8":{"start":{"line":10,"column":0},"end":{"line":10,"column":16}},"9":{"start":{"line":12,"column":0},"end":{"line":14,"column":3}},"10":{"start":{"line":13,"column":2},"end":{"line":13,"column":38}},"11":{"start":{"line":16,"column":0},"end":{"line":18,"column":3}},"12":{"start":{"line":17,"column":2},"end":{"line":17,"column":21}},"13":{"start":{"line":20,"column":0},"end":{"line":37,"column":3}},"14":{"start":{"line":21,"column":18},"end":{"line":21,"column":32}},"15":{"start":{"line":22,"column":27},"end":{"line":22,"column":29}},"16":{"start":{"line":23,"column":2},"end":{"line":36,"column":3}},"17":{"start":{"line":24,"column":4},"end":{"line":28,"column":7}},"18":{"start":{"line":25,"column":6},"end":{"line":27,"column":7}},"19":{"start":{"line":26,"column":8},"end":{"line":26,"column":47}},"20":{"start":{"line":29,"column":4},"end":{"line":33,"column":5}},"21":{"start":{"line":30,"column":6},"end":{"line":30,"column":45}},"22":{"start":{"line":32,"column":6},"end":{"line":32,"column":70}},"23":{"start":{"line":35,"column":4},"end":{"line":35,"column":40}},"24":{"start":{"line":39,"column":0},"end":{"line":58,"column":3}},"25":{"start":{"line":40,"column":2},"end":{"line":57,"column":3}},"26":{"start":{"line":41,"column":15},"end":{"line":41,"column":36}},"27":{"start":{"line":42,"column":18},"end":{"line":42,"column":34}},"28":{"start":{"line":43,"column":4},"end":{"line":54,"column":5}},"29":{"start":{"line":44,"column":6},"end":{"line":44,"column":42}},"30":{"start":{"line":45,"column":6},"end":{"line":50,"column":9}},"31":{"start":{"line":46,"column":8},"end":{"line":49,"column":9}},"32":{"start":{"line":47,"column":10},"end":{"line":47,"column":29}},"33":{"start":{"line":48,"column":10},"end":{"line":48,"column":17}},"34":{"start":{"line":51,"column":6},"end":{"line":51,"column":42}},"35":{"start":{"line":53,"column":6},"end":{"line":53,"column":64}},"36":{"start":{"line":56,"column":4},"end":{"line":56,"column":47}},"37":{"start":{"line":60,"column":0},"end":{"line":85,"column":3}},"38":{"start":{"line":61,"column":2},"end":{"line":84,"column":3}},"39":{"start":{"line":62,"column":4},"end":{"line":81,"column":5}},"40":{"start":{"line":63,"column":23},"end":{"line":70,"column":7}},"41":{"start":{"line":71,"column":6},"end":{"line":71,"column":32}},"42":{"start":{"line":72,"column":6},"end":{"line":77,"column":9}},"43":{"start":{"line":73,"column":8},"end":{"line":76,"column":9}},"44":{"start":{"line":74,"column":10},"end":{"line":74,"column":29}},"45":{"start":{"line":75,"column":10},"end":{"line":75,"column":17}},"46":{"start":{"line":78,"column":6},"end":{"line":78,"column":44}},"47":{"start":{"line":80,"column":6},"end":{"line":80,"column":69}},"48":{"start":{"line":83,"column":4},"end":{"line":83,"column":47}},"49":{"start":{"line":87,"column":0},"end":{"line":106,"column":3}},"50":{"start":{"line":88,"column":2},"end":{"line":105,"column":20}},"51":{"start":{"line":89,"column":15},"end":{"line":89,"column":36}},"52":{"start":{"line":90,"column":26},"end":{"line":90,"column":28}},"53":{"start":{"line":91,"column":4},"end":{"line":91,"column":42}},"54":{"start":{"line":92,"column":4},"end":{"line":92,"column":42}},"55":{"start":{"line":93,"column":4},"end":{"line":93,"column":44}},"56":{"start":{"line":95,"column":4},"end":{"line":95,"column":31}},"57":{"start":{"line":97,"column":4},"end":{"line":97,"column":43}},"58":{"start":{"line":98,"column":4},"end":{"line":103,"column":7}},"59":{"start":{"line":99,"column":6},"end":{"line":102,"column":7}},"60":{"start":{"line":100,"column":8},"end":{"line":100,"column":27}},"61":{"start":{"line":101,"column":8},"end":{"line":101,"column":15}},"62":{"start":{"line":104,"column":4},"end":{"line":104,"column":40}},"63":{"start":{"line":108,"column":0},"end":{"line":120,"column":3}},"64":{"start":{"line":109,"column":13},"end":{"line":109,"column":34}},"65":{"start":{"line":110,"column":14},"end":{"line":110,"column":26}},"66":{"start":{"line":112,"column":2},"end":{"line":112,"column":28}},"67":{"start":{"line":113,"column":2},"end":{"line":118,"column":5}},"68":{"start":{"line":114,"column":4},"end":{"line":117,"column":5}},"69":{"start":{"line":115,"column":6},"end":{"line":115,"column":25}},"70":{"start":{"line":116,"column":6},"end":{"line":116,"column":13}},"71":{"start":{"line":119,"column":2},"end":{"line":119,"column":36}},"72":{"start":{"line":122,"column":0},"end":{"line":122,"column":21}}},"fnMap":{"0":{"name":"(anonymous_0)","decl":{"start":{"line":12,"column":13},"end":{"line":12,"column":14}},"loc":{"start":{"line":12,"column":27},"end":{"line":14,"column":1}},"line":12},"1":{"name":"(anonymous_1)","decl":{"start":{"line":16,"column":21},"end":{"line":16,"column":22}},"loc":{"start":{"line":16,"column":35},"end":{"line":18,"column":1}},"line":16},"2":{"name":"(anonymous_2)","decl":{"start":{"line":20,"column":31},"end":{"line":20,"column":32}},"loc":{"start":{"line":20,"column":45},"end":{"line":37,"column":1}},"line":20},"3":{"name":"(anonymous_3)","decl":{"start":{"line":24,"column":21},"end":{"line":24,"column":22}},"loc":{"start":{"line":24,"column":47},"end":{"line":28,"column":5}},"line":24},"4":{"name":"(anonymous_4)","decl":{"start":{"line":39,"column":28},"end":{"line":39,"column":29}},"loc":{"start":{"line":39,"column":42},"end":{"line":58,"column":1}},"line":39},"5":{"name":"(anonymous_5)","decl":{"start":{"line":45,"column":55},"end":{"line":45,"column":56}},"loc":{"start":{"line":45,"column":64},"end":{"line":50,"column":7}},"line":45},"6":{"name":"(anonymous_6)","decl":{"start":{"line":60,"column":22},"end":{"line":60,"column":23}},"loc":{"start":{"line":60,"column":36},"end":{"line":85,"column":1}},"line":60},"7":{"name":"(anonymous_7)","decl":{"start":{"line":72,"column":55},"end":{"line":72,"column":56}},"loc":{"start":{"line":72,"column":64},"end":{"line":77,"column":7}},"line":72},"8":{"name":"(anonymous_8)","decl":{"start":{"line":87,"column":28},"end":{"line":87,"column":29}},"loc":{"start":{"line":87,"column":42},"end":{"line":106,"column":1}},"line":87},"9":{"name":"(anonymous_9)","decl":{"start":{"line":98,"column":53},"end":{"line":98,"column":54}},"loc":{"start":{"line":98,"column":62},"end":{"line":103,"column":5}},"line":98},"10":{"name":"(anonymous_10)","decl":{"start":{"line":108,"column":26},"end":{"line":108,"column":27}},"loc":{"start":{"line":108,"column":40},"end":{"line":120,"column":1}},"line":108},"11":{"name":"(anonymous_11)","decl":{"start":{"line":113,"column":51},"end":{"line":113,"column":52}},"loc":{"start":{"line":113,"column":60},"end":{"line":118,"column":3}},"line":113}},"branchMap":{"0":{"loc":{"start":{"line":25,"column":6},"end":{"line":27,"column":7}},"type":"if","locations":[{"start":{"line":25,"column":6},"end":{"line":27,"column":7}},{"start":{},"end":{}}],"line":25},"1":{"loc":{"start":{"line":29,"column":4},"end":{"line":33,"column":5}},"type":"if","locations":[{"start":{"line":29,"column":4},"end":{"line":33,"column":5}},{"start":{"line":31,"column":11},"end":{"line":33,"column":5}}],"line":29},"2":{"loc":{"start":{"line":43,"column":4},"end":{"line":54,"column":5}},"type":"if","locations":[{"start":{"line":43,"column":4},"end":{"line":54,"column":5}},{"start":{"line":52,"column":11},"end":{"line":54,"column":5}}],"line":43},"3":{"loc":{"start":{"line":46,"column":8},"end":{"line":49,"column":9}},"type":"if","locations":[{"start":{"line":46,"column":8},"end":{"line":49,"column":9}},{"start":{},"end":{}}],"line":46},"4":{"loc":{"start":{"line":62,"column":4},"end":{"line":81,"column":5}},"type":"if","locations":[{"start":{"line":62,"column":4},"end":{"line":81,"column":5}},{"start":{"line":79,"column":11},"end":{"line":81,"column":5}}],"line":62},"5":{"loc":{"start":{"line":73,"column":8},"end":{"line":76,"column":9}},"type":"if","locations":[{"start":{"line":73,"column":8},"end":{"line":76,"column":9}},{"start":{},"end":{}}],"line":73},"6":{"loc":{"start":{"line":99,"column":6},"end":{"line":102,"column":7}},"type":"if","locations":[{"start":{"line":99,"column":6},"end":{"line":102,"column":7}},{"start":{},"end":{}}],"line":99},"7":{"loc":{"start":{"line":114,"column":4},"end":{"line":117,"column":5}},"type":"if","locations":[{"start":{"line":114,"column":4},"end":{"line":117,"column":5}},{"start":{},"end":{}}],"line":114}},"s":{"0":1,"1":1,"2":1,"3":1,"4":1,"5":1,"6":1,"7":1,"8":1,"9":1,"10":0,"11":1,"12":3,"13":1,"14":2,"15":2,"16":2,"17":2,"18":10,"19":2,"20":2,"21":1,"22":1,"23":1,"24":1,"25":2,"26":2,"27":2,"28":2,"29":1,"30":1,"31":1,"32":0,"33":0,"34":1,"35":0,"36":1,"37":1,"38":2,"39":2,"40":1,"41":1,"42":1,"43":1,"44":0,"45":0,"46":1,"47":1,"48":1,"49":1,"50":1,"51":1,"52":1,"53":1,"54":1,"55":1,"56":1,"57":1,"58":1,"59":1,"60":0,"61":0,"62":1,"63":1,"64":1,"65":1,"66":1,"67":1,"68":1,"69":0,"70":0,"71":1,"72":1},"f":{"0":0,"1":3,"2":2,"3":10,"4":2,"5":1,"6":2,"7":1,"8":1,"9":1,"10":1,"11":1},"b":{"0":[2,8],"1":[1,1],"2":[1,0],"3":[0,1],"4":[1,1],"5":[0,1],"6":[0,1],"7":[0,1]},"_coverageSchema":"1a1c01bbd47fc00a2c39e90264f33305004495a9","hash":"9eed3a02d5463a28f9443daaab1362e83f2b72a2"}
}
