{"/Users/edward/futureproof/lap1/project/Heres-Roneey/client/cards.js": {"path":"/Users/edward/futureproof/lap1/project/Heres-Roneey/client/cards.js","statementMap":{"0":{"start":{"line":1,"column":27},"end":{"line":1,"column":54}},"1":{"start":{"line":2,"column":38},"end":{"line":2,"column":65}},"2":{"start":{"line":3,"column":21},"end":{"line":3,"column":38}},"3":{"start":{"line":6,"column":17},"end":{"line":12,"column":1}},"4":{"start":{"line":7,"column":15},"end":{"line":7,"column":43}},"5":{"start":{"line":8,"column":2},"end":{"line":8,"column":47}},"6":{"start":{"line":9,"column":2},"end":{"line":9,"column":47}},"7":{"start":{"line":11,"column":2},"end":{"line":11,"column":16}},"8":{"start":{"line":15,"column":22},"end":{"line":31,"column":1}},"9":{"start":{"line":17,"column":19},"end":{"line":17,"column":29}},"10":{"start":{"line":19,"column":16},"end":{"line":19,"column":43}},"11":{"start":{"line":20,"column":2},"end":{"line":20,"column":54}},"12":{"start":{"line":22,"column":16},"end":{"line":22,"column":20}},"13":{"start":{"line":23,"column":2},"end":{"line":27,"column":5}},"14":{"start":{"line":24,"column":16},"end":{"line":24,"column":18}},"15":{"start":{"line":25,"column":4},"end":{"line":25,"column":55}},"16":{"start":{"line":25,"column":17},"end":{"line":25,"column":18}},"17":{"start":{"line":25,"column":42},"end":{"line":25,"column":55}},"18":{"start":{"line":26,"column":4},"end":{"line":26,"column":40}},"19":{"start":{"line":28,"column":2},"end":{"line":28,"column":30}},"20":{"start":{"line":30,"column":2},"end":{"line":30,"column":17}},"21":{"start":{"line":33,"column":18},"end":{"line":44,"column":1}},"22":{"start":{"line":34,"column":16},"end":{"line":34,"column":45}},"23":{"start":{"line":35,"column":2},"end":{"line":35,"column":50}},"24":{"start":{"line":37,"column":13},"end":{"line":37,"column":43}},"25":{"start":{"line":38,"column":2},"end":{"line":38,"column":33}},"26":{"start":{"line":39,"column":2},"end":{"line":39,"column":32}},"27":{"start":{"line":40,"column":2},"end":{"line":40,"column":35}},"28":{"start":{"line":40,"column":15},"end":{"line":40,"column":35}},"29":{"start":{"line":41,"column":2},"end":{"line":41,"column":28}},"30":{"start":{"line":43,"column":2},"end":{"line":43,"column":17}},"31":{"start":{"line":46,"column":29},"end":{"line":81,"column":1}},"32":{"start":{"line":47,"column":23},"end":{"line":47,"column":52}},"33":{"start":{"line":48,"column":2},"end":{"line":48,"column":55}},"34":{"start":{"line":50,"column":17},"end":{"line":50,"column":46}},"35":{"start":{"line":51,"column":2},"end":{"line":51,"column":36}},"36":{"start":{"line":53,"column":2},"end":{"line":57,"column":3}},"37":{"start":{"line":54,"column":4},"end":{"line":56,"column":7}},"38":{"start":{"line":55,"column":6},"end":{"line":55,"column":38}},"39":{"start":{"line":59,"column":26},"end":{"line":59,"column":60}},"40":{"start":{"line":60,"column":2},"end":{"line":60,"column":43}},"41":{"start":{"line":61,"column":2},"end":{"line":61,"column":34}},"42":{"start":{"line":62,"column":2},"end":{"line":62,"column":52}},"43":{"start":{"line":63,"column":2},"end":{"line":63,"column":38}},"44":{"start":{"line":64,"column":2},"end":{"line":68,"column":5}},"45":{"start":{"line":65,"column":4},"end":{"line":67,"column":5}},"46":{"start":{"line":66,"column":6},"end":{"line":66,"column":21}},"47":{"start":{"line":70,"column":21},"end":{"line":70,"column":53}},"48":{"start":{"line":71,"column":2},"end":{"line":71,"column":44}},"49":{"start":{"line":72,"column":2},"end":{"line":72,"column":31}},"50":{"start":{"line":73,"column":2},"end":{"line":73,"column":37}},"51":{"start":{"line":74,"column":2},"end":{"line":74,"column":54}},"52":{"start":{"line":76,"column":2},"end":{"line":76,"column":39}},"53":{"start":{"line":77,"column":2},"end":{"line":77,"column":48}},"54":{"start":{"line":78,"column":2},"end":{"line":78,"column":43}},"55":{"start":{"line":80,"column":2},"end":{"line":80,"column":24}},"56":{"start":{"line":84,"column":21},"end":{"line":110,"column":1}},"57":{"start":{"line":85,"column":19},"end":{"line":85,"column":48}},"58":{"start":{"line":86,"column":2},"end":{"line":86,"column":39}},"59":{"start":{"line":88,"column":2},"end":{"line":107,"column":3}},"60":{"start":{"line":88,"column":15},"end":{"line":88,"column":16}},"61":{"start":{"line":89,"column":21},"end":{"line":89,"column":53}},"62":{"start":{"line":90,"column":4},"end":{"line":90,"column":36}},"63":{"start":{"line":91,"column":4},"end":{"line":91,"column":26}},"64":{"start":{"line":93,"column":22},"end":{"line":93,"column":49}},"65":{"start":{"line":94,"column":21},"end":{"line":94,"column":44}},"66":{"start":{"line":95,"column":4},"end":{"line":95,"column":43}},"67":{"start":{"line":96,"column":4},"end":{"line":96,"column":43}},"68":{"start":{"line":98,"column":23},"end":{"line":98,"column":50}},"69":{"start":{"line":99,"column":4},"end":{"line":99,"column":39}},"70":{"start":{"line":100,"column":4},"end":{"line":100,"column":32}},"71":{"start":{"line":101,"column":4},"end":{"line":101,"column":40}},"72":{"start":{"line":103,"column":4},"end":{"line":103,"column":79}},"73":{"start":{"line":103,"column":46},"end":{"line":103,"column":61}},"74":{"start":{"line":104,"column":4},"end":{"line":104,"column":36}},"75":{"start":{"line":105,"column":4},"end":{"line":105,"column":37}},"76":{"start":{"line":106,"column":4},"end":{"line":106,"column":35}},"77":{"start":{"line":109,"column":2},"end":{"line":109,"column":18}},"78":{"start":{"line":113,"column":17},"end":{"line":134,"column":1}},"79":{"start":{"line":114,"column":17},"end":{"line":114,"column":49}},"80":{"start":{"line":115,"column":2},"end":{"line":115,"column":45}},"81":{"start":{"line":117,"column":13},"end":{"line":117,"column":40}},"82":{"start":{"line":118,"column":2},"end":{"line":118,"column":40}},"83":{"start":{"line":119,"column":2},"end":{"line":119,"column":29}},"84":{"start":{"line":121,"column":2},"end":{"line":131,"column":5}},"85":{"start":{"line":122,"column":23},"end":{"line":122,"column":38}},"86":{"start":{"line":123,"column":24},"end":{"line":123,"column":79}},"87":{"start":{"line":124,"column":4},"end":{"line":124,"column":41}},"88":{"start":{"line":125,"column":4},"end":{"line":130,"column":7}},"89":{"start":{"line":126,"column":6},"end":{"line":129,"column":7}},"90":{"start":{"line":127,"column":8},"end":{"line":127,"column":41}},"91":{"start":{"line":128,"column":8},"end":{"line":128,"column":38}},"92":{"start":{"line":133,"column":2},"end":{"line":133,"column":18}},"93":{"start":{"line":137,"column":16},"end":{"line":143,"column":1}},"94":{"start":{"line":138,"column":12},"end":{"line":138,"column":41}},"95":{"start":{"line":139,"column":2},"end":{"line":139,"column":31}},"96":{"start":{"line":140,"column":2},"end":{"line":140,"column":16}},"97":{"start":{"line":142,"column":2},"end":{"line":142,"column":13}},"98":{"start":{"line":146,"column":19},"end":{"line":179,"column":1}},"99":{"start":{"line":147,"column":16},"end":{"line":147,"column":50}},"100":{"start":{"line":148,"column":13},"end":{"line":148,"column":42}},"101":{"start":{"line":149,"column":2},"end":{"line":149,"column":29}},"102":{"start":{"line":150,"column":2},"end":{"line":150,"column":18}},"103":{"start":{"line":151,"column":2},"end":{"line":157,"column":4}},"104":{"start":{"line":159,"column":2},"end":{"line":164,"column":3}},"105":{"start":{"line":160,"column":4},"end":{"line":160,"column":33}},"106":{"start":{"line":162,"column":18},"end":{"line":162,"column":68}},"107":{"start":{"line":163,"column":4},"end":{"line":163,"column":41}},"108":{"start":{"line":166,"column":18},"end":{"line":166,"column":27}},"109":{"start":{"line":167,"column":24},"end":{"line":167,"column":33}},"110":{"start":{"line":168,"column":23},"end":{"line":168,"column":32}},"111":{"start":{"line":169,"column":23},"end":{"line":169,"column":52}},"112":{"start":{"line":170,"column":15},"end":{"line":174,"column":3}},"113":{"start":{"line":175,"column":17},"end":{"line":175,"column":37}},"114":{"start":{"line":176,"column":2},"end":{"line":176,"column":24}},"115":{"start":{"line":177,"column":2},"end":{"line":177,"column":30}},"116":{"start":{"line":178,"column":2},"end":{"line":178,"column":29}},"117":{"start":{"line":182,"column":16},"end":{"line":191,"column":1}},"118":{"start":{"line":183,"column":16},"end":{"line":183,"column":50}},"119":{"start":{"line":185,"column":15},"end":{"line":185,"column":44}},"120":{"start":{"line":186,"column":2},"end":{"line":186,"column":52}},"121":{"start":{"line":187,"column":2},"end":{"line":187,"column":25}},"122":{"start":{"line":188,"column":2},"end":{"line":188,"column":45}},"123":{"start":{"line":190,"column":2},"end":{"line":190,"column":26}},"124":{"start":{"line":193,"column":0},"end":{"line":203,"column":2}}},"fnMap":{"0":{"name":"(anonymous_0)","decl":{"start":{"line":6,"column":17},"end":{"line":6,"column":18}},"loc":{"start":{"line":6,"column":25},"end":{"line":12,"column":1}},"line":6},"1":{"name":"(anonymous_1)","decl":{"start":{"line":15,"column":22},"end":{"line":15,"column":23}},"loc":{"start":{"line":15,"column":32},"end":{"line":31,"column":1}},"line":15},"2":{"name":"(anonymous_2)","decl":{"start":{"line":23,"column":19},"end":{"line":23,"column":20}},"loc":{"start":{"line":23,"column":29},"end":{"line":27,"column":3}},"line":23},"3":{"name":"(anonymous_3)","decl":{"start":{"line":33,"column":18},"end":{"line":33,"column":19}},"loc":{"start":{"line":33,"column":30},"end":{"line":44,"column":1}},"line":33},"4":{"name":"(anonymous_4)","decl":{"start":{"line":46,"column":29},"end":{"line":46,"column":30}},"loc":{"start":{"line":46,"column":42},"end":{"line":81,"column":1}},"line":46},"5":{"name":"(anonymous_5)","decl":{"start":{"line":54,"column":20},"end":{"line":54,"column":21}},"loc":{"start":{"line":54,"column":31},"end":{"line":56,"column":5}},"line":54},"6":{"name":"(anonymous_6)","decl":{"start":{"line":64,"column":49},"end":{"line":64,"column":50}},"loc":{"start":{"line":64,"column":62},"end":{"line":68,"column":3}},"line":64},"7":{"name":"(anonymous_7)","decl":{"start":{"line":84,"column":21},"end":{"line":84,"column":22}},"loc":{"start":{"line":84,"column":33},"end":{"line":110,"column":1}},"line":84},"8":{"name":"(anonymous_8)","decl":{"start":{"line":103,"column":39},"end":{"line":103,"column":40}},"loc":{"start":{"line":103,"column":46},"end":{"line":103,"column":61}},"line":103},"9":{"name":"(anonymous_9)","decl":{"start":{"line":113,"column":17},"end":{"line":113,"column":18}},"loc":{"start":{"line":113,"column":23},"end":{"line":134,"column":1}},"line":113},"10":{"name":"(anonymous_10)","decl":{"start":{"line":121,"column":37},"end":{"line":121,"column":38}},"loc":{"start":{"line":121,"column":44},"end":{"line":131,"column":3}},"line":121},"11":{"name":"(anonymous_11)","decl":{"start":{"line":125,"column":55},"end":{"line":125,"column":56}},"loc":{"start":{"line":125,"column":68},"end":{"line":130,"column":5}},"line":125},"12":{"name":"(anonymous_12)","decl":{"start":{"line":137,"column":16},"end":{"line":137,"column":17}},"loc":{"start":{"line":137,"column":25},"end":{"line":143,"column":1}},"line":137},"13":{"name":"(anonymous_13)","decl":{"start":{"line":146,"column":19},"end":{"line":146,"column":20}},"loc":{"start":{"line":146,"column":67},"end":{"line":179,"column":1}},"line":146},"14":{"name":"(anonymous_14)","decl":{"start":{"line":182,"column":16},"end":{"line":182,"column":17}},"loc":{"start":{"line":182,"column":22},"end":{"line":191,"column":1}},"line":182}},"branchMap":{"0":{"loc":{"start":{"line":40,"column":2},"end":{"line":40,"column":35}},"type":"if","locations":[{"start":{"line":40,"column":2},"end":{"line":40,"column":35}},{"start":{},"end":{}}],"line":40},"1":{"loc":{"start":{"line":53,"column":2},"end":{"line":57,"column":3}},"type":"if","locations":[{"start":{"line":53,"column":2},"end":{"line":57,"column":3}},{"start":{},"end":{}}],"line":53},"2":{"loc":{"start":{"line":65,"column":4},"end":{"line":67,"column":5}},"type":"if","locations":[{"start":{"line":65,"column":4},"end":{"line":67,"column":5}},{"start":{},"end":{}}],"line":65},"3":{"loc":{"start":{"line":126,"column":6},"end":{"line":129,"column":7}},"type":"if","locations":[{"start":{"line":126,"column":6},"end":{"line":129,"column":7}},{"start":{},"end":{}}],"line":126},"4":{"loc":{"start":{"line":159,"column":2},"end":{"line":164,"column":3}},"type":"if","locations":[{"start":{"line":159,"column":2},"end":{"line":164,"column":3}},{"start":{"line":161,"column":9},"end":{"line":164,"column":3}}],"line":159}},"s":{"0":2,"1":2,"2":2,"3":2,"4":9,"5":9,"6":9,"7":9,"8":2,"9":11,"10":11,"11":11,"12":11,"13":11,"14":11,"15":11,"16":11,"17":66,"18":11,"19":11,"20":11,"21":2,"22":12,"23":12,"24":12,"25":12,"26":12,"27":12,"28":1,"29":12,"30":12,"31":2,"32":10,"33":10,"34":10,"35":10,"36":10,"37":10,"38":20,"39":10,"40":10,"41":10,"42":10,"43":10,"44":10,"45":0,"46":0,"47":10,"48":10,"49":10,"50":10,"51":10,"52":10,"53":10,"54":10,"55":10,"56":2,"57":9,"58":9,"59":9,"60":9,"61":27,"62":27,"63":27,"64":27,"65":27,"66":27,"67":27,"68":27,"69":27,"70":27,"71":27,"72":27,"73":0,"74":27,"75":27,"76":27,"77":9,"78":2,"79":8,"80":8,"81":8,"82":8,"83":8,"84":8,"85":0,"86":0,"87":0,"88":0,"89":0,"90":0,"91":0,"92":8,"93":2,"94":9,"95":9,"96":9,"97":9,"98":2,"99":7,"100":7,"101":7,"102":7,"103":7,"104":7,"105":0,"106":7,"107":7,"108":7,"109":7,"110":7,"111":7,"112":7,"113":7,"114":7,"115":7,"116":7,"117":2,"118":2,"119":2,"120":2,"121":2,"122":2,"123":2,"124":2},"f":{"0":9,"1":11,"2":11,"3":12,"4":10,"5":20,"6":0,"7":9,"8":0,"9":8,"10":0,"11":0,"12":9,"13":7,"14":2},"b":{"0":[1,11],"1":[10,0],"2":[0,0],"3":[0,0],"4":[0,7]},"_coverageSchema":"1a1c01bbd47fc00a2c39e90264f33305004495a9","hash":"175a3d708916ae387c7acc5961a2a775d7739525"}
,"/Users/edward/futureproof/lap1/project/Heres-Roneey/client/client_helpers.js": {"path":"/Users/edward/futureproof/lap1/project/Heres-Roneey/client/client_helpers.js","statementMap":{"0":{"start":{"line":1,"column":23},"end":{"line":1,"column":41}},"1":{"start":{"line":2,"column":24},"end":{"line":2,"column":45}},"2":{"start":{"line":5,"column":22},"end":{"line":53,"column":1}},"3":{"start":{"line":6,"column":2},"end":{"line":52,"column":3}},"4":{"start":{"line":7,"column":4},"end":{"line":7,"column":23}},"5":{"start":{"line":9,"column":15},"end":{"line":9,"column":50}},"6":{"start":{"line":10,"column":20},"end":{"line":10,"column":60}},"7":{"start":{"line":11,"column":19},"end":{"line":11,"column":59}},"8":{"start":{"line":12,"column":23},"end":{"line":12,"column":56}},"9":{"start":{"line":17,"column":4},"end":{"line":22,"column":5}},"10":{"start":{"line":18,"column":6},"end":{"line":18,"column":19}},"11":{"start":{"line":20,"column":6},"end":{"line":20,"column":36}},"12":{"start":{"line":21,"column":6},"end":{"line":21,"column":46}},"13":{"start":{"line":24,"column":15},"end":{"line":24,"column":17}},"14":{"start":{"line":25,"column":4},"end":{"line":27,"column":7}},"15":{"start":{"line":26,"column":6},"end":{"line":26,"column":51}},"16":{"start":{"line":26,"column":27},"end":{"line":26,"column":51}},"17":{"start":{"line":30,"column":24},"end":{"line":45,"column":5}},"18":{"start":{"line":47,"column":4},"end":{"line":47,"column":30}},"19":{"start":{"line":48,"column":4},"end":{"line":48,"column":38}},"20":{"start":{"line":49,"column":4},"end":{"line":49,"column":29}},"21":{"start":{"line":50,"column":4},"end":{"line":50,"column":30}},"22":{"start":{"line":51,"column":4},"end":{"line":51,"column":38}},"23":{"start":{"line":56,"column":20},"end":{"line":79,"column":1}},"24":{"start":{"line":57,"column":15},"end":{"line":57,"column":51}},"25":{"start":{"line":58,"column":18},"end":{"line":58,"column":70}},"26":{"start":{"line":59,"column":17},"end":{"line":59,"column":24}},"27":{"start":{"line":60,"column":25},"end":{"line":60,"column":60}},"28":{"start":{"line":62,"column":22},"end":{"line":75,"column":3}},"29":{"start":{"line":77,"column":2},"end":{"line":77,"column":68}},"30":{"start":{"line":78,"column":2},"end":{"line":78,"column":52}},"31":{"start":{"line":82,"column":21},"end":{"line":120,"column":1}},"32":{"start":{"line":83,"column":15},"end":{"line":83,"column":65}},"33":{"start":{"line":84,"column":17},"end":{"line":84,"column":24}},"34":{"start":{"line":85,"column":20},"end":{"line":85,"column":56}},"35":{"start":{"line":86,"column":18},"end":{"line":86,"column":68}},"36":{"start":{"line":88,"column":22},"end":{"line":88,"column":76}},"37":{"start":{"line":89,"column":22},"end":{"line":89,"column":76}},"38":{"start":{"line":90,"column":24},"end":{"line":90,"column":78}},"39":{"start":{"line":92,"column":2},"end":{"line":98,"column":3}},"40":{"start":{"line":93,"column":4},"end":{"line":93,"column":20}},"41":{"start":{"line":94,"column":9},"end":{"line":98,"column":3}},"42":{"start":{"line":95,"column":4},"end":{"line":95,"column":20}},"43":{"start":{"line":97,"column":4},"end":{"line":97,"column":22}},"44":{"start":{"line":100,"column":22},"end":{"line":115,"column":3}},"45":{"start":{"line":117,"column":2},"end":{"line":117,"column":63}},"46":{"start":{"line":118,"column":2},"end":{"line":118,"column":63}},"47":{"start":{"line":119,"column":2},"end":{"line":119,"column":65}},"48":{"start":{"line":123,"column":23},"end":{"line":128,"column":1}},"49":{"start":{"line":124,"column":21},"end":{"line":124,"column":48}},"50":{"start":{"line":125,"column":2},"end":{"line":125,"column":39}},"51":{"start":{"line":126,"column":2},"end":{"line":126,"column":33}},"52":{"start":{"line":127,"column":2},"end":{"line":127,"column":36}},"53":{"start":{"line":130,"column":0},"end":{"line":130,"column":78}}},"fnMap":{"0":{"name":"(anonymous_0)","decl":{"start":{"line":5,"column":22},"end":{"line":5,"column":23}},"loc":{"start":{"line":5,"column":35},"end":{"line":53,"column":1}},"line":5},"1":{"name":"(anonymous_1)","decl":{"start":{"line":25,"column":19},"end":{"line":25,"column":20}},"loc":{"start":{"line":25,"column":31},"end":{"line":27,"column":5}},"line":25},"2":{"name":"(anonymous_2)","decl":{"start":{"line":56,"column":20},"end":{"line":56,"column":21}},"loc":{"start":{"line":56,"column":33},"end":{"line":79,"column":1}},"line":56},"3":{"name":"(anonymous_3)","decl":{"start":{"line":82,"column":21},"end":{"line":82,"column":22}},"loc":{"start":{"line":82,"column":34},"end":{"line":120,"column":1}},"line":82},"4":{"name":"(anonymous_4)","decl":{"start":{"line":123,"column":23},"end":{"line":123,"column":24}},"loc":{"start":{"line":123,"column":47},"end":{"line":128,"column":1}},"line":123}},"branchMap":{"0":{"loc":{"start":{"line":6,"column":2},"end":{"line":52,"column":3}},"type":"if","locations":[{"start":{"line":6,"column":2},"end":{"line":52,"column":3}},{"start":{},"end":{}}],"line":6},"1":{"loc":{"start":{"line":17,"column":4},"end":{"line":22,"column":5}},"type":"if","locations":[{"start":{"line":17,"column":4},"end":{"line":22,"column":5}},{"start":{"line":19,"column":11},"end":{"line":22,"column":5}}],"line":17},"2":{"loc":{"start":{"line":26,"column":6},"end":{"line":26,"column":51}},"type":"if","locations":[{"start":{"line":26,"column":6},"end":{"line":26,"column":51}},{"start":{},"end":{}}],"line":26},"3":{"loc":{"start":{"line":92,"column":2},"end":{"line":98,"column":3}},"type":"if","locations":[{"start":{"line":92,"column":2},"end":{"line":98,"column":3}},{"start":{"line":94,"column":9},"end":{"line":98,"column":3}}],"line":92},"4":{"loc":{"start":{"line":94,"column":9},"end":{"line":98,"column":3}},"type":"if","locations":[{"start":{"line":94,"column":9},"end":{"line":98,"column":3}},{"start":{"line":96,"column":9},"end":{"line":98,"column":3}}],"line":94}},"s":{"0":2,"1":2,"2":2,"3":0,"4":0,"5":0,"6":0,"7":0,"8":0,"9":0,"10":0,"11":0,"12":0,"13":0,"14":0,"15":0,"16":0,"17":0,"18":0,"19":0,"20":0,"21":0,"22":0,"23":2,"24":0,"25":0,"26":0,"27":0,"28":0,"29":0,"30":0,"31":2,"32":0,"33":0,"34":0,"35":0,"36":0,"37":0,"38":0,"39":0,"40":0,"41":0,"42":0,"43":0,"44":0,"45":0,"46":0,"47":0,"48":2,"49":20,"50":20,"51":20,"52":20,"53":2},"f":{"0":0,"1":0,"2":0,"3":0,"4":20},"b":{"0":[0,0],"1":[0,0],"2":[0,0],"3":[0,0],"4":[0,0]},"_coverageSchema":"1a1c01bbd47fc00a2c39e90264f33305004495a9","hash":"c567b8305c4cc53bd35ff725cd70aeb66ca859f5"}
,"/Users/edward/futureproof/lap1/project/Heres-Roneey/client/form.js": {"path":"/Users/edward/futureproof/lap1/project/Heres-Roneey/client/form.js","statementMap":{"0":{"start":{"line":1,"column":26},"end":{"line":1,"column":53}},"1":{"start":{"line":2,"column":20},"end":{"line":2,"column":41}},"2":{"start":{"line":5,"column":19},"end":{"line":24,"column":1}},"3":{"start":{"line":6,"column":18},"end":{"line":6,"column":47}},"4":{"start":{"line":7,"column":2},"end":{"line":7,"column":48}},"5":{"start":{"line":9,"column":18},"end":{"line":9,"column":49}},"6":{"start":{"line":10,"column":2},"end":{"line":10,"column":21}},"7":{"start":{"line":11,"column":2},"end":{"line":11,"column":29}},"8":{"start":{"line":12,"column":2},"end":{"line":12,"column":31}},"9":{"start":{"line":14,"column":18},"end":{"line":14,"column":49}},"10":{"start":{"line":15,"column":2},"end":{"line":15,"column":24}},"11":{"start":{"line":16,"column":2},"end":{"line":16,"column":20}},"12":{"start":{"line":17,"column":2},"end":{"line":17,"column":22}},"13":{"start":{"line":18,"column":2},"end":{"line":18,"column":26}},"14":{"start":{"line":19,"column":2},"end":{"line":19,"column":26}},"15":{"start":{"line":20,"column":2},"end":{"line":20,"column":35}},"16":{"start":{"line":21,"column":2},"end":{"line":21,"column":31}},"17":{"start":{"line":23,"column":2},"end":{"line":23,"column":17}},"18":{"start":{"line":27,"column":24},"end":{"line":40,"column":1}},"19":{"start":{"line":28,"column":18},"end":{"line":28,"column":47}},"20":{"start":{"line":29,"column":2},"end":{"line":29,"column":53}},"21":{"start":{"line":31,"column":22},"end":{"line":31,"column":56}},"22":{"start":{"line":32,"column":2},"end":{"line":32,"column":29}},"23":{"start":{"line":33,"column":2},"end":{"line":33,"column":31}},"24":{"start":{"line":34,"column":2},"end":{"line":34,"column":32}},"25":{"start":{"line":35,"column":2},"end":{"line":35,"column":30}},"26":{"start":{"line":36,"column":2},"end":{"line":36,"column":39}},"27":{"start":{"line":37,"column":2},"end":{"line":37,"column":35}},"28":{"start":{"line":39,"column":2},"end":{"line":39,"column":17}},"29":{"start":{"line":43,"column":23},"end":{"line":61,"column":1}},"30":{"start":{"line":44,"column":17},"end":{"line":44,"column":49}},"31":{"start":{"line":45,"column":2},"end":{"line":45,"column":23}},"32":{"start":{"line":46,"column":2},"end":{"line":46,"column":21}},"33":{"start":{"line":48,"column":23},"end":{"line":48,"column":55}},"34":{"start":{"line":49,"column":2},"end":{"line":49,"column":31}},"35":{"start":{"line":50,"column":2},"end":{"line":50,"column":40}},"36":{"start":{"line":51,"column":2},"end":{"line":51,"column":35}},"37":{"start":{"line":52,"column":2},"end":{"line":58,"column":5}},"38":{"start":{"line":53,"column":23},"end":{"line":53,"column":55}},"39":{"start":{"line":54,"column":4},"end":{"line":54,"column":30}},"40":{"start":{"line":55,"column":4},"end":{"line":55,"column":34}},"41":{"start":{"line":56,"column":4},"end":{"line":56,"column":43}},"42":{"start":{"line":57,"column":4},"end":{"line":57,"column":35}},"43":{"start":{"line":60,"column":2},"end":{"line":60,"column":16}},"44":{"start":{"line":63,"column":21},"end":{"line":77,"column":1}},"45":{"start":{"line":64,"column":18},"end":{"line":64,"column":47}},"46":{"start":{"line":65,"column":2},"end":{"line":65,"column":50}},"47":{"start":{"line":67,"column":20},"end":{"line":67,"column":51}},"48":{"start":{"line":68,"column":2},"end":{"line":68,"column":25}},"49":{"start":{"line":69,"column":2},"end":{"line":69,"column":31}},"50":{"start":{"line":70,"column":2},"end":{"line":70,"column":33}},"51":{"start":{"line":72,"column":15},"end":{"line":72,"column":63}},"52":{"start":{"line":73,"column":17},"end":{"line":73,"column":37}},"53":{"start":{"line":74,"column":2},"end":{"line":74,"column":30}},"54":{"start":{"line":76,"column":2},"end":{"line":76,"column":17}},"55":{"start":{"line":80,"column":18},"end":{"line":90,"column":1}},"56":{"start":{"line":81,"column":17},"end":{"line":81,"column":49}},"57":{"start":{"line":82,"column":2},"end":{"line":82,"column":45}},"58":{"start":{"line":84,"column":13},"end":{"line":84,"column":42}},"59":{"start":{"line":85,"column":2},"end":{"line":85,"column":36}},"60":{"start":{"line":86,"column":2},"end":{"line":86,"column":29}},"61":{"start":{"line":87,"column":2},"end":{"line":87,"column":46}},"62":{"start":{"line":89,"column":2},"end":{"line":89,"column":18}},"63":{"start":{"line":93,"column":21},"end":{"line":112,"column":1}},"64":{"start":{"line":94,"column":16},"end":{"line":94,"column":50}},"65":{"start":{"line":95,"column":15},"end":{"line":95,"column":45}},"66":{"start":{"line":96,"column":2},"end":{"line":96,"column":39}},"67":{"start":{"line":98,"column":17},"end":{"line":98,"column":48}},"68":{"start":{"line":99,"column":2},"end":{"line":99,"column":25}},"69":{"start":{"line":100,"column":2},"end":{"line":100,"column":27}},"70":{"start":{"line":101,"column":2},"end":{"line":101,"column":28}},"71":{"start":{"line":102,"column":2},"end":{"line":102,"column":30}},"72":{"start":{"line":103,"column":2},"end":{"line":103,"column":50}},"73":{"start":{"line":105,"column":2},"end":{"line":105,"column":33}},"74":{"start":{"line":106,"column":2},"end":{"line":106,"column":38}},"75":{"start":{"line":107,"column":2},"end":{"line":107,"column":35}},"76":{"start":{"line":108,"column":2},"end":{"line":108,"column":27}},"77":{"start":{"line":109,"column":2},"end":{"line":109,"column":32}},"78":{"start":{"line":111,"column":2},"end":{"line":111,"column":24}},"79":{"start":{"line":115,"column":17},"end":{"line":118,"column":1}},"80":{"start":{"line":116,"column":2},"end":{"line":116,"column":17}},"81":{"start":{"line":117,"column":2},"end":{"line":117,"column":59}},"82":{"start":{"line":120,"column":0},"end":{"line":127,"column":2}}},"fnMap":{"0":{"name":"(anonymous_0)","decl":{"start":{"line":5,"column":19},"end":{"line":5,"column":20}},"loc":{"start":{"line":5,"column":25},"end":{"line":24,"column":1}},"line":5},"1":{"name":"(anonymous_1)","decl":{"start":{"line":27,"column":24},"end":{"line":27,"column":25}},"loc":{"start":{"line":27,"column":30},"end":{"line":40,"column":1}},"line":27},"2":{"name":"(anonymous_2)","decl":{"start":{"line":43,"column":23},"end":{"line":43,"column":24}},"loc":{"start":{"line":43,"column":36},"end":{"line":61,"column":1}},"line":43},"3":{"name":"(anonymous_3)","decl":{"start":{"line":52,"column":18},"end":{"line":52,"column":19}},"loc":{"start":{"line":52,"column":30},"end":{"line":58,"column":3}},"line":52},"4":{"name":"(anonymous_4)","decl":{"start":{"line":63,"column":21},"end":{"line":63,"column":22}},"loc":{"start":{"line":63,"column":27},"end":{"line":77,"column":1}},"line":63},"5":{"name":"(anonymous_5)","decl":{"start":{"line":80,"column":18},"end":{"line":80,"column":19}},"loc":{"start":{"line":80,"column":24},"end":{"line":90,"column":1}},"line":80},"6":{"name":"(anonymous_6)","decl":{"start":{"line":93,"column":21},"end":{"line":93,"column":22}},"loc":{"start":{"line":93,"column":27},"end":{"line":112,"column":1}},"line":93},"7":{"name":"(anonymous_7)","decl":{"start":{"line":115,"column":17},"end":{"line":115,"column":18}},"loc":{"start":{"line":115,"column":23},"end":{"line":118,"column":1}},"line":115}},"branchMap":{},"s":{"0":2,"1":2,"2":2,"3":5,"4":5,"5":5,"6":5,"7":5,"8":5,"9":5,"10":5,"11":5,"12":5,"13":5,"14":5,"15":5,"16":5,"17":5,"18":2,"19":5,"20":5,"21":5,"22":5,"23":5,"24":5,"25":5,"26":5,"27":5,"28":5,"29":2,"30":4,"31":4,"32":4,"33":4,"34":4,"35":4,"36":4,"37":4,"38":16,"39":16,"40":16,"41":16,"42":16,"43":4,"44":2,"45":4,"46":4,"47":4,"48":4,"49":4,"50":4,"51":4,"52":4,"53":4,"54":4,"55":2,"56":1,"57":1,"58":1,"59":1,"60":1,"61":1,"62":1,"63":2,"64":1,"65":1,"66":1,"67":1,"68":1,"69":1,"70":1,"71":1,"72":1,"73":1,"74":1,"75":1,"76":1,"77":1,"78":1,"79":2,"80":0,"81":0,"82":2},"f":{"0":5,"1":5,"2":4,"3":16,"4":4,"5":1,"6":1,"7":0},"b":{},"_coverageSchema":"1a1c01bbd47fc00a2c39e90264f33305004495a9","hash":"0c906836b2a8f6d1b03ddcf7d9eed66f5cee3516"}
,"/Users/edward/futureproof/lap1/project/Heres-Roneey/client/giphyapi.js": {"path":"/Users/edward/futureproof/lap1/project/Heres-Roneey/client/giphyapi.js","statementMap":{"0":{"start":{"line":1,"column":17},"end":{"line":1,"column":51}},"1":{"start":{"line":4,"column":2},"end":{"line":16,"column":3}},"2":{"start":{"line":5,"column":17},"end":{"line":7,"column":5}},"3":{"start":{"line":8,"column":21},"end":{"line":8,"column":38}},"4":{"start":{"line":9,"column":20},"end":{"line":9,"column":57}},"5":{"start":{"line":10,"column":4},"end":{"line":10,"column":19}},"6":{"start":{"line":12,"column":4},"end":{"line":12,"column":21}},"7":{"start":{"line":13,"column":18},"end":{"line":15,"column":5}},"8":{"start":{"line":19,"column":16},"end":{"line":41,"column":1}},"9":{"start":{"line":20,"column":2},"end":{"line":20,"column":21}},"10":{"start":{"line":21,"column":23},"end":{"line":21,"column":58}},"11":{"start":{"line":22,"column":2},"end":{"line":22,"column":70}},"12":{"start":{"line":22,"column":20},"end":{"line":22,"column":70}},"13":{"start":{"line":23,"column":15},"end":{"line":23,"column":45}},"14":{"start":{"line":24,"column":2},"end":{"line":24,"column":33}},"15":{"start":{"line":26,"column":16},"end":{"line":26,"column":47}},"16":{"start":{"line":27,"column":2},"end":{"line":27,"column":22}},"17":{"start":{"line":28,"column":2},"end":{"line":28,"column":24}},"18":{"start":{"line":29,"column":2},"end":{"line":29,"column":24}},"19":{"start":{"line":30,"column":2},"end":{"line":30,"column":33}},"20":{"start":{"line":31,"column":2},"end":{"line":31,"column":21}},"21":{"start":{"line":33,"column":15},"end":{"line":33,"column":44}},"22":{"start":{"line":34,"column":2},"end":{"line":39,"column":5}},"23":{"start":{"line":35,"column":4},"end":{"line":35,"column":23}},"24":{"start":{"line":36,"column":4},"end":{"line":36,"column":63}},"25":{"start":{"line":37,"column":17},"end":{"line":37,"column":64}},"26":{"start":{"line":38,"column":4},"end":{"line":38,"column":27}},"27":{"start":{"line":40,"column":2},"end":{"line":40,"column":25}},"28":{"start":{"line":43,"column":0},"end":{"line":43,"column":42}}},"fnMap":{"0":{"name":"giphySearch","decl":{"start":{"line":3,"column":15},"end":{"line":3,"column":26}},"loc":{"start":{"line":3,"column":36},"end":{"line":17,"column":1}},"line":3},"1":{"name":"(anonymous_1)","decl":{"start":{"line":19,"column":16},"end":{"line":19,"column":17}},"loc":{"start":{"line":19,"column":23},"end":{"line":41,"column":1}},"line":19},"2":{"name":"(anonymous_2)","decl":{"start":{"line":34,"column":34},"end":{"line":34,"column":35}},"loc":{"start":{"line":34,"column":47},"end":{"line":39,"column":3}},"line":34}},"branchMap":{"0":{"loc":{"start":{"line":22,"column":2},"end":{"line":22,"column":70}},"type":"if","locations":[{"start":{"line":22,"column":2},"end":{"line":22,"column":70}},{"start":{},"end":{}}],"line":22}},"s":{"0":2,"1":0,"2":0,"3":0,"4":0,"5":0,"6":0,"7":0,"8":2,"9":0,"10":0,"11":0,"12":0,"13":0,"14":0,"15":0,"16":0,"17":0,"18":0,"19":0,"20":0,"21":0,"22":0,"23":0,"24":0,"25":0,"26":0,"27":0,"28":2},"f":{"0":0,"1":0,"2":0},"b":{"0":[0,0]},"_coverageSchema":"1a1c01bbd47fc00a2c39e90264f33305004495a9","hash":"0fff38ad039c59398bc877ba61cbf210fe59a6d8"}
,"/Users/edward/futureproof/lap1/project/Heres-Roneey/server/app.js": {"path":"/Users/edward/futureproof/lap1/project/Heres-Roneey/server/app.js","statementMap":{"0":{"start":{"line":1,"column":16},"end":{"line":1,"column":34}},"1":{"start":{"line":2,"column":12},"end":{"line":2,"column":21}},"2":{"start":{"line":3,"column":13},"end":{"line":3,"column":28}},"3":{"start":{"line":4,"column":11},"end":{"line":4,"column":24}},"4":{"start":{"line":5,"column":12},"end":{"line":5,"column":42}},"5":{"start":{"line":6,"column":17},"end":{"line":6,"column":34}},"6":{"start":{"line":7,"column":17},"end":{"line":7,"column":34}},"7":{"start":{"line":9,"column":0},"end":{"line":9,"column":24}},"8":{"start":{"line":10,"column":0},"end":{"line":10,"column":16}},"9":{"start":{"line":12,"column":0},"end":{"line":14,"column":3}},"10":{"start":{"line":13,"column":2},"end":{"line":13,"column":38}},"11":{"start":{"line":16,"column":0},"end":{"line":18,"column":3}},"12":{"start":{"line":17,"column":2},"end":{"line":17,"column":21}},"13":{"start":{"line":20,"column":0},"end":{"line":37,"column":3}},"14":{"start":{"line":21,"column":18},"end":{"line":21,"column":32}},"15":{"start":{"line":22,"column":27},"end":{"line":22,"column":29}},"16":{"start":{"line":23,"column":2},"end":{"line":36,"column":3}},"17":{"start":{"line":24,"column":4},"end":{"line":28,"column":7}},"18":{"start":{"line":25,"column":6},"end":{"line":27,"column":7}},"19":{"start":{"line":26,"column":8},"end":{"line":26,"column":47}},"20":{"start":{"line":29,"column":4},"end":{"line":33,"column":5}},"21":{"start":{"line":30,"column":6},"end":{"line":30,"column":45}},"22":{"start":{"line":32,"column":6},"end":{"line":32,"column":70}},"23":{"start":{"line":35,"column":4},"end":{"line":35,"column":40}},"24":{"start":{"line":39,"column":0},"end":{"line":58,"column":3}},"25":{"start":{"line":40,"column":2},"end":{"line":57,"column":3}},"26":{"start":{"line":41,"column":15},"end":{"line":41,"column":36}},"27":{"start":{"line":42,"column":18},"end":{"line":42,"column":34}},"28":{"start":{"line":43,"column":4},"end":{"line":54,"column":5}},"29":{"start":{"line":44,"column":6},"end":{"line":44,"column":42}},"30":{"start":{"line":45,"column":6},"end":{"line":50,"column":9}},"31":{"start":{"line":46,"column":8},"end":{"line":49,"column":9}},"32":{"start":{"line":47,"column":10},"end":{"line":47,"column":29}},"33":{"start":{"line":48,"column":10},"end":{"line":48,"column":17}},"34":{"start":{"line":51,"column":6},"end":{"line":51,"column":42}},"35":{"start":{"line":53,"column":6},"end":{"line":53,"column":64}},"36":{"start":{"line":56,"column":4},"end":{"line":56,"column":47}},"37":{"start":{"line":60,"column":0},"end":{"line":85,"column":3}},"38":{"start":{"line":61,"column":2},"end":{"line":84,"column":3}},"39":{"start":{"line":62,"column":4},"end":{"line":81,"column":5}},"40":{"start":{"line":63,"column":23},"end":{"line":70,"column":7}},"41":{"start":{"line":71,"column":6},"end":{"line":71,"column":32}},"42":{"start":{"line":72,"column":6},"end":{"line":77,"column":9}},"43":{"start":{"line":73,"column":8},"end":{"line":76,"column":9}},"44":{"start":{"line":74,"column":10},"end":{"line":74,"column":29}},"45":{"start":{"line":75,"column":10},"end":{"line":75,"column":17}},"46":{"start":{"line":78,"column":6},"end":{"line":78,"column":44}},"47":{"start":{"line":80,"column":6},"end":{"line":80,"column":69}},"48":{"start":{"line":83,"column":4},"end":{"line":83,"column":47}},"49":{"start":{"line":87,"column":0},"end":{"line":106,"column":3}},"50":{"start":{"line":88,"column":2},"end":{"line":105,"column":20}},"51":{"start":{"line":89,"column":15},"end":{"line":89,"column":36}},"52":{"start":{"line":90,"column":26},"end":{"line":90,"column":28}},"53":{"start":{"line":91,"column":4},"end":{"line":91,"column":42}},"54":{"start":{"line":92,"column":4},"end":{"line":92,"column":42}},"55":{"start":{"line":93,"column":4},"end":{"line":93,"column":44}},"56":{"start":{"line":95,"column":4},"end":{"line":95,"column":31}},"57":{"start":{"line":97,"column":4},"end":{"line":97,"column":43}},"58":{"start":{"line":98,"column":4},"end":{"line":103,"column":7}},"59":{"start":{"line":99,"column":6},"end":{"line":102,"column":7}},"60":{"start":{"line":100,"column":8},"end":{"line":100,"column":27}},"61":{"start":{"line":101,"column":8},"end":{"line":101,"column":15}},"62":{"start":{"line":104,"column":4},"end":{"line":104,"column":40}},"63":{"start":{"line":108,"column":0},"end":{"line":120,"column":3}},"64":{"start":{"line":109,"column":13},"end":{"line":109,"column":34}},"65":{"start":{"line":110,"column":14},"end":{"line":110,"column":26}},"66":{"start":{"line":112,"column":2},"end":{"line":112,"column":28}},"67":{"start":{"line":113,"column":2},"end":{"line":118,"column":5}},"68":{"start":{"line":114,"column":4},"end":{"line":117,"column":5}},"69":{"start":{"line":115,"column":6},"end":{"line":115,"column":25}},"70":{"start":{"line":116,"column":6},"end":{"line":116,"column":13}},"71":{"start":{"line":119,"column":2},"end":{"line":119,"column":36}},"72":{"start":{"line":122,"column":0},"end":{"line":122,"column":21}}},"fnMap":{"0":{"name":"(anonymous_0)","decl":{"start":{"line":12,"column":13},"end":{"line":12,"column":14}},"loc":{"start":{"line":12,"column":27},"end":{"line":14,"column":1}},"line":12},"1":{"name":"(anonymous_1)","decl":{"start":{"line":16,"column":21},"end":{"line":16,"column":22}},"loc":{"start":{"line":16,"column":35},"end":{"line":18,"column":1}},"line":16},"2":{"name":"(anonymous_2)","decl":{"start":{"line":20,"column":31},"end":{"line":20,"column":32}},"loc":{"start":{"line":20,"column":45},"end":{"line":37,"column":1}},"line":20},"3":{"name":"(anonymous_3)","decl":{"start":{"line":24,"column":21},"end":{"line":24,"column":22}},"loc":{"start":{"line":24,"column":47},"end":{"line":28,"column":5}},"line":24},"4":{"name":"(anonymous_4)","decl":{"start":{"line":39,"column":28},"end":{"line":39,"column":29}},"loc":{"start":{"line":39,"column":42},"end":{"line":58,"column":1}},"line":39},"5":{"name":"(anonymous_5)","decl":{"start":{"line":45,"column":55},"end":{"line":45,"column":56}},"loc":{"start":{"line":45,"column":64},"end":{"line":50,"column":7}},"line":45},"6":{"name":"(anonymous_6)","decl":{"start":{"line":60,"column":22},"end":{"line":60,"column":23}},"loc":{"start":{"line":60,"column":36},"end":{"line":85,"column":1}},"line":60},"7":{"name":"(anonymous_7)","decl":{"start":{"line":72,"column":55},"end":{"line":72,"column":56}},"loc":{"start":{"line":72,"column":64},"end":{"line":77,"column":7}},"line":72},"8":{"name":"(anonymous_8)","decl":{"start":{"line":87,"column":28},"end":{"line":87,"column":29}},"loc":{"start":{"line":87,"column":42},"end":{"line":106,"column":1}},"line":87},"9":{"name":"(anonymous_9)","decl":{"start":{"line":98,"column":53},"end":{"line":98,"column":54}},"loc":{"start":{"line":98,"column":62},"end":{"line":103,"column":5}},"line":98},"10":{"name":"(anonymous_10)","decl":{"start":{"line":108,"column":26},"end":{"line":108,"column":27}},"loc":{"start":{"line":108,"column":40},"end":{"line":120,"column":1}},"line":108},"11":{"name":"(anonymous_11)","decl":{"start":{"line":113,"column":51},"end":{"line":113,"column":52}},"loc":{"start":{"line":113,"column":60},"end":{"line":118,"column":3}},"line":113}},"branchMap":{"0":{"loc":{"start":{"line":25,"column":6},"end":{"line":27,"column":7}},"type":"if","locations":[{"start":{"line":25,"column":6},"end":{"line":27,"column":7}},{"start":{},"end":{}}],"line":25},"1":{"loc":{"start":{"line":29,"column":4},"end":{"line":33,"column":5}},"type":"if","locations":[{"start":{"line":29,"column":4},"end":{"line":33,"column":5}},{"start":{"line":31,"column":11},"end":{"line":33,"column":5}}],"line":29},"2":{"loc":{"start":{"line":43,"column":4},"end":{"line":54,"column":5}},"type":"if","locations":[{"start":{"line":43,"column":4},"end":{"line":54,"column":5}},{"start":{"line":52,"column":11},"end":{"line":54,"column":5}}],"line":43},"3":{"loc":{"start":{"line":46,"column":8},"end":{"line":49,"column":9}},"type":"if","locations":[{"start":{"line":46,"column":8},"end":{"line":49,"column":9}},{"start":{},"end":{}}],"line":46},"4":{"loc":{"start":{"line":62,"column":4},"end":{"line":81,"column":5}},"type":"if","locations":[{"start":{"line":62,"column":4},"end":{"line":81,"column":5}},{"start":{"line":79,"column":11},"end":{"line":81,"column":5}}],"line":62},"5":{"loc":{"start":{"line":73,"column":8},"end":{"line":76,"column":9}},"type":"if","locations":[{"start":{"line":73,"column":8},"end":{"line":76,"column":9}},{"start":{},"end":{}}],"line":73},"6":{"loc":{"start":{"line":99,"column":6},"end":{"line":102,"column":7}},"type":"if","locations":[{"start":{"line":99,"column":6},"end":{"line":102,"column":7}},{"start":{},"end":{}}],"line":99},"7":{"loc":{"start":{"line":114,"column":4},"end":{"line":117,"column":5}},"type":"if","locations":[{"start":{"line":114,"column":4},"end":{"line":117,"column":5}},{"start":{},"end":{}}],"line":114}},"s":{"0":1,"1":1,"2":1,"3":1,"4":1,"5":1,"6":1,"7":1,"8":1,"9":1,"10":0,"11":1,"12":3,"13":1,"14":2,"15":2,"16":2,"17":2,"18":10,"19":2,"20":2,"21":1,"22":1,"23":1,"24":1,"25":2,"26":2,"27":2,"28":2,"29":1,"30":1,"31":1,"32":0,"33":0,"34":1,"35":0,"36":1,"37":1,"38":2,"39":2,"40":1,"41":1,"42":1,"43":0,"44":0,"45":0,"46":1,"47":1,"48":1,"49":1,"50":1,"51":1,"52":1,"53":1,"54":1,"55":1,"56":1,"57":1,"58":1,"59":1,"60":0,"61":0,"62":1,"63":1,"64":1,"65":1,"66":1,"67":1,"68":1,"69":0,"70":0,"71":1,"72":1},"f":{"0":0,"1":3,"2":2,"3":10,"4":2,"5":1,"6":2,"7":0,"8":1,"9":1,"10":1,"11":1},"b":{"0":[2,8],"1":[1,1],"2":[1,0],"3":[0,1],"4":[1,1],"5":[0,0],"6":[0,1],"7":[0,1]},"_coverageSchema":"1a1c01bbd47fc00a2c39e90264f33305004495a9","hash":"6c5de1589c3935d23d816dabaf2b4449dcd0fd94"}
}
