TN:
SF:server\app.js
FN:12,(anonymous_0)
FN:16,(anonymous_1)
FN:20,(anonymous_2)
FN:24,(anonymous_3)
FN:39,(anonymous_4)
FN:45,(anonymous_5)
FN:60,(anonymous_6)
FN:72,(anonymous_7)
FN:87,(anonymous_8)
FN:98,(anonymous_9)
FN:108,(anonymous_10)
FN:113,(anonymous_11)
FNF:12
FNH:11
FNDA:0,(anonymous_0)
FNDA:3,(anonymous_1)
FNDA:2,(anonymous_2)
FNDA:10,(anonymous_3)
FNDA:2,(anonymous_4)
FNDA:1,(anonymous_5)
FNDA:2,(anonymous_6)
FNDA:1,(anonymous_7)
FNDA:1,(anonymous_8)
FNDA:1,(anonymous_9)
FNDA:1,(anonymous_10)
FNDA:1,(anonymous_11)
DA:1,1
DA:2,1
DA:3,1
DA:4,1
DA:5,1
DA:6,1
DA:7,1
DA:9,1
DA:10,1
DA:12,1
DA:13,0
DA:16,1
DA:17,3
DA:20,1
DA:21,2
DA:22,2
DA:23,2
DA:24,2
DA:25,10
DA:26,2
DA:29,2
DA:30,1
DA:32,1
DA:35,1
DA:39,1
DA:40,2
DA:41,2
DA:42,2
DA:43,2
DA:44,1
DA:45,1
DA:46,1
DA:47,0
DA:48,0
DA:51,1
DA:53,0
DA:56,1
DA:60,1
DA:61,2
DA:62,2
DA:63,1
DA:71,1
DA:72,1
DA:73,1
DA:74,0
DA:75,0
DA:78,1
DA:80,1
DA:83,1
DA:87,1
DA:88,1
DA:89,1
DA:90,1
DA:91,1
DA:92,1
DA:93,1
DA:95,1
DA:97,1
DA:98,1
DA:99,1
DA:100,0
DA:101,0
DA:104,1
DA:108,1
DA:109,1
DA:110,1
DA:112,1
DA:113,1
DA:114,1
DA:115,0
DA:116,0
DA:119,1
DA:122,1
LF:73
LH:63
BRDA:25,0,0,2
BRDA:25,0,1,8
BRDA:29,1,0,1
BRDA:29,1,1,1
BRDA:43,2,0,1
BRDA:43,2,1,0
BRDA:46,3,0,0
BRDA:46,3,1,1
BRDA:62,4,0,1
BRDA:62,4,1,1
BRDA:73,5,0,0
BRDA:73,5,1,1
BRDA:99,6,0,0
BRDA:99,6,1,1
BRDA:114,7,0,0
BRDA:114,7,1,1
BRF:16
BRH:11
end_of_record
