TN:
SF:client/cards.js
FN:6,(anonymous_0)
FN:15,(anonymous_1)
FN:23,(anonymous_2)
FN:33,(anonymous_3)
FN:46,(anonymous_4)
FN:54,(anonymous_5)
FN:64,(anonymous_6)
FN:84,(anonymous_7)
FN:103,(anonymous_8)
FN:113,(anonymous_9)
FN:121,(anonymous_10)
FN:125,(anonymous_11)
FN:137,(anonymous_12)
FN:146,(anonymous_13)
FN:182,(anonymous_14)
FNF:15
FNH:11
FNDA:9,(anonymous_0)
FNDA:11,(anonymous_1)
FNDA:11,(anonymous_2)
FNDA:12,(anonymous_3)
FNDA:10,(anonymous_4)
FNDA:20,(anonymous_5)
FNDA:0,(anonymous_6)
FNDA:9,(anonymous_7)
FNDA:0,(anonymous_8)
FNDA:8,(anonymous_9)
FNDA:0,(anonymous_10)
FNDA:0,(anonymous_11)
FNDA:9,(anonymous_12)
FNDA:7,(anonymous_13)
FNDA:2,(anonymous_14)
DA:1,2
DA:2,2
DA:3,2
DA:6,2
DA:7,9
DA:8,9
DA:9,9
DA:11,9
DA:15,2
DA:17,11
DA:19,11
DA:20,11
DA:22,11
DA:23,11
DA:24,11
DA:25,66
DA:26,11
DA:28,11
DA:30,11
DA:33,2
DA:34,12
DA:35,12
DA:37,12
DA:38,12
DA:39,12
DA:40,12
DA:41,12
DA:43,12
DA:46,2
DA:47,10
DA:48,10
DA:50,10
DA:51,10
DA:53,10
DA:54,10
DA:55,20
DA:59,10
DA:60,10
DA:61,10
DA:62,10
DA:63,10
DA:64,10
DA:65,0
DA:66,0
DA:70,10
DA:71,10
DA:72,10
DA:73,10
DA:74,10
DA:76,10
DA:77,10
DA:78,10
DA:80,10
DA:84,2
DA:85,9
DA:86,9
DA:88,9
DA:89,27
DA:90,27
DA:91,27
DA:93,27
DA:94,27
DA:95,27
DA:96,27
DA:98,27
DA:99,27
DA:100,27
DA:101,27
DA:103,27
DA:104,27
DA:105,27
DA:106,27
DA:109,9
DA:113,2
DA:114,8
DA:115,8
DA:117,8
DA:118,8
DA:119,8
DA:121,8
DA:122,0
DA:123,0
DA:124,0
DA:125,0
DA:126,0
DA:127,0
DA:128,0
DA:133,8
DA:137,2
DA:138,9
DA:139,9
DA:140,9
DA:142,9
DA:146,2
DA:147,7
DA:148,7
DA:149,7
DA:150,7
DA:151,7
DA:159,7
DA:160,0
DA:162,7
DA:163,7
DA:166,7
DA:167,7
DA:168,7
DA:169,7
DA:170,7
DA:175,7
DA:176,7
DA:177,7
DA:178,7
DA:182,2
DA:183,2
DA:185,2
DA:186,2
DA:187,2
DA:188,2
DA:190,2
DA:193,2
LF:120
LH:110
BRDA:40,0,0,1
BRDA:40,0,1,11
BRDA:53,1,0,10
BRDA:53,1,1,0
BRDA:65,2,0,0
BRDA:65,2,1,0
BRDA:126,3,0,0
BRDA:126,3,1,0
BRDA:159,4,0,0
BRDA:159,4,1,7
BRF:10
BRH:4
end_of_record
TN:
SF:client/client_helpers.js
FN:5,(anonymous_0)
FN:25,(anonymous_1)
FN:56,(anonymous_2)
FN:82,(anonymous_3)
FN:123,(anonymous_4)
FNF:5
FNH:1
FNDA:0,(anonymous_0)
FNDA:0,(anonymous_1)
FNDA:0,(anonymous_2)
FNDA:0,(anonymous_3)
FNDA:20,(anonymous_4)
DA:1,2
DA:2,2
DA:5,2
DA:6,0
DA:7,0
DA:9,0
DA:10,0
DA:11,0
DA:12,0
DA:17,0
DA:18,0
DA:20,0
DA:21,0
DA:24,0
DA:25,0
DA:26,0
DA:30,0
DA:47,0
DA:48,0
DA:49,0
DA:50,0
DA:51,0
DA:56,2
DA:57,0
DA:58,0
DA:59,0
DA:60,0
DA:62,0
DA:77,0
DA:78,0
DA:82,2
DA:83,0
DA:84,0
DA:85,0
DA:86,0
DA:88,0
DA:89,0
DA:90,0
DA:92,0
DA:93,0
DA:94,0
DA:95,0
DA:97,0
DA:100,0
DA:117,0
DA:118,0
DA:119,0
DA:123,2
DA:124,20
DA:125,20
DA:126,20
DA:127,20
DA:130,2
LF:53
LH:11
BRDA:6,0,0,0
BRDA:6,0,1,0
BRDA:17,1,0,0
BRDA:17,1,1,0
BRDA:26,2,0,0
BRDA:26,2,1,0
BRDA:92,3,0,0
BRDA:92,3,1,0
BRDA:94,4,0,0
BRDA:94,4,1,0
BRF:10
BRH:0
end_of_record
TN:
SF:client/form.js
FN:5,(anonymous_0)
FN:27,(anonymous_1)
FN:43,(anonymous_2)
FN:52,(anonymous_3)
FN:63,(anonymous_4)
FN:80,(anonymous_5)
FN:93,(anonymous_6)
FN:115,(anonymous_7)
FNF:8
FNH:7
FNDA:5,(anonymous_0)
FNDA:5,(anonymous_1)
FNDA:4,(anonymous_2)
FNDA:16,(anonymous_3)
FNDA:4,(anonymous_4)
FNDA:1,(anonymous_5)
FNDA:1,(anonymous_6)
FNDA:0,(anonymous_7)
DA:1,2
DA:2,2
DA:5,2
DA:6,5
DA:7,5
DA:9,5
DA:10,5
DA:11,5
DA:12,5
DA:14,5
DA:15,5
DA:16,5
DA:17,5
DA:18,5
DA:19,5
DA:20,5
DA:21,5
DA:23,5
DA:27,2
DA:28,5
DA:29,5
DA:31,5
DA:32,5
DA:33,5
DA:34,5
DA:35,5
DA:36,5
DA:37,5
DA:39,5
DA:43,2
DA:44,4
DA:45,4
DA:46,4
DA:48,4
DA:49,4
DA:50,4
DA:51,4
DA:52,4
DA:53,16
DA:54,16
DA:55,16
DA:56,16
DA:57,16
DA:60,4
DA:63,2
DA:64,4
DA:65,4
DA:67,4
DA:68,4
DA:69,4
DA:70,4
DA:72,4
DA:73,4
DA:74,4
DA:76,4
DA:80,2
DA:81,1
DA:82,1
DA:84,1
DA:85,1
DA:86,1
DA:87,1
DA:89,1
DA:93,2
DA:94,1
DA:95,1
DA:96,1
DA:98,1
DA:99,1
DA:100,1
DA:101,1
DA:102,1
DA:103,1
DA:105,1
DA:106,1
DA:107,1
DA:108,1
DA:109,1
DA:111,1
DA:115,2
DA:116,0
DA:117,0
DA:120,2
LF:83
LH:81
BRF:0
BRH:0
end_of_record
TN:
SF:client/giphyapi.js
FN:3,giphySearch
FN:19,(anonymous_1)
FN:34,(anonymous_2)
FNF:3
FNH:0
FNDA:0,giphySearch
FNDA:0,(anonymous_1)
FNDA:0,(anonymous_2)
DA:1,2
DA:4,0
DA:5,0
DA:8,0
DA:9,0
DA:10,0
DA:12,0
DA:13,0
DA:19,2
DA:20,0
DA:21,0
DA:22,0
DA:23,0
DA:24,0
DA:26,0
DA:27,0
DA:28,0
DA:29,0
DA:30,0
DA:31,0
DA:33,0
DA:34,0
DA:35,0
DA:36,0
DA:37,0
DA:38,0
DA:40,0
DA:43,2
LF:28
LH:3
BRDA:22,0,0,0
BRDA:22,0,1,0
BRF:2
BRH:0
end_of_record
TN:
SF:server/app.js
FN:12,(anonymous_0)
FN:16,(anonymous_1)
FN:20,(anonymous_2)
FN:24,(anonymous_3)
FN:39,(anonymous_4)
FN:45,(anonymous_5)
FN:60,(anonymous_6)
FN:72,(anonymous_7)
FN:87,(anonymous_8)
FN:98,(anonymous_9)
FN:108,(anonymous_10)
FN:113,(anonymous_11)
FNF:12
FNH:10
FNDA:0,(anonymous_0)
FNDA:3,(anonymous_1)
FNDA:2,(anonymous_2)
FNDA:10,(anonymous_3)
FNDA:2,(anonymous_4)
FNDA:1,(anonymous_5)
FNDA:2,(anonymous_6)
FNDA:0,(anonymous_7)
FNDA:1,(anonymous_8)
FNDA:1,(anonymous_9)
FNDA:1,(anonymous_10)
FNDA:1,(anonymous_11)
DA:1,1
DA:2,1
DA:3,1
DA:4,1
DA:5,1
DA:6,1
DA:7,1
DA:9,1
DA:10,1
DA:12,1
DA:13,0
DA:16,1
DA:17,3
DA:20,1
DA:21,2
DA:22,2
DA:23,2
DA:24,2
DA:25,10
DA:26,2
DA:29,2
DA:30,1
DA:32,1
DA:35,1
DA:39,1
DA:40,2
DA:41,2
DA:42,2
DA:43,2
DA:44,1
DA:45,1
DA:46,1
DA:47,0
DA:48,0
DA:51,1
DA:53,0
DA:56,1
DA:60,1
DA:61,2
DA:62,2
DA:63,1
DA:71,1
DA:72,1
DA:73,0
DA:74,0
DA:75,0
DA:78,1
DA:80,1
DA:83,1
DA:87,1
DA:88,1
DA:89,1
DA:90,1
DA:91,1
DA:92,1
DA:93,1
DA:95,1
DA:97,1
DA:98,1
DA:99,1
DA:100,0
DA:101,0
DA:104,1
DA:108,1
DA:109,1
DA:110,1
DA:112,1
DA:113,1
DA:114,1
DA:115,0
DA:116,0
DA:119,1
DA:122,1
LF:73
LH:62
BRDA:25,0,0,2
BRDA:25,0,1,8
BRDA:29,1,0,1
BRDA:29,1,1,1
BRDA:43,2,0,1
BRDA:43,2,1,0
BRDA:46,3,0,0
BRDA:46,3,1,1
BRDA:62,4,0,1
BRDA:62,4,1,1
BRDA:73,5,0,0
BRDA:73,5,1,0
BRDA:99,6,0,0
BRDA:99,6,1,1
BRDA:114,7,0,0
BRDA:114,7,1,1
BRF:16
BRH:10
end_of_record
